<?xml version="1.0" encoding="UTF-8"?>
<testsuite xmlns:xsi="http://www.w3.org/2001/XMLSchema-instance" xsi:noNamespaceSchemaLocation="https://maven.apache.org/surefire/maven-surefire-plugin/xsd/surefire-test-report-3.0.xsd" version="3.0" name="com.paklog.wes.pack.domain.aggregate.PackingSessionTest" time="0.207" tests="24" errors="0" skipped="0" failures="0">
  <properties>
[...]
</properties>
  <testcase name="shouldMarkItemDamaged" classname="com.paklog.wes.pack.domain.aggregate.PackingSessionTest" time="0.055"/>
  <testcase name="shouldValidateStateTransitions" classname="com.paklog.wes.pack.domain.aggregate.PackingSessionTest" time="0.002"/>
  <testcase name="shouldSealContainer" classname="com.paklog.wes.pack.domain.aggregate.PackingSessionTest" time="0.003"/>
  <testcase name="shouldHandleFailedQualityCheck" classname="com.paklog.wes.pack.domain.aggregate.PackingSessionTest" time="0.001"/>
  <testcase name="shouldTrackTotalWeight" classname="com.paklog.wes.pack.domain.aggregate.PackingSessionTest" time="0.003"/>
  <testcase name="shouldSelectCarton" classname="com.paklog.wes.pack.domain.aggregate.PackingSessionTest" time="0.004"/>
  <testcase name="shouldStartSession" classname="com.paklog.wes.pack.domain.aggregate.PackingSessionTest" time="0.0"/>
  <testcase name="shouldTransitionAfterScanningComplete" classname="com.paklog.wes.pack.domain.aggregate.PackingSessionTest" time="0.001"/>
  <testcase name="shouldGetContainerCount" classname="com.paklog.wes.pack.domain.aggregate.PackingSessionTest" time="0.001"/>
  <testcase name="shouldPackItem" classname="com.paklog.wes.pack.domain.aggregate.PackingSessionTest" time="0.001"/>
  <testcase name="shouldPerformQualityCheck" classname="com.paklog.wes.pack.domain.aggregate.PackingSessionTest" time="0.0"/>
  <testcase name="shouldRecommendCarton" classname="com.paklog.wes.pack.domain.aggregate.PackingSessionTest" time="0.001"/>
  <testcase name="shouldCalculateAccuracy" classname="com.paklog.wes.pack.domain.aggregate.PackingSessionTest" time="0.001"/>
  <testcase name="shouldCreatePackingSession" classname="com.paklog.wes.pack.domain.aggregate.PackingSessionTest" time="0.0"/>
  <testcase name="shouldWeighPackageWithinTolerance" classname="com.paklog.wes.pack.domain.aggregate.PackingSessionTest" time="0.001"/>
  <testcase name="shouldCalculateDuration" classname="com.paklog.wes.pack.domain.aggregate.PackingSessionTest" time="0.111"/>
  <testcase name="shouldAutoCompleteSession" classname="com.paklog.wes.pack.domain.aggregate.PackingSessionTest" time="0.0"/>
  <testcase name="shouldGetCurrentInstruction" classname="com.paklog.wes.pack.domain.aggregate.PackingSessionTest" time="0.0"/>
  <testcase name="shouldRejectCreationWithoutInstructions" classname="com.paklog.wes.pack.domain.aggregate.PackingSessionTest" time="0.0"/>
  <testcase name="shouldCalculateProgress" classname="com.paklog.wes.pack.domain.aggregate.PackingSessionTest" time="0.001"/>
  <testcase name="shouldScanItems" classname="com.paklog.wes.pack.domain.aggregate.PackingSessionTest" time="0.0"/>
  <testcase name="shouldCancelSession" classname="com.paklog.wes.pack.domain.aggregate.PackingSessionTest" time="0.0"/>
  <testcase name="shouldMarkItemMissing" classname="com.paklog.wes.pack.domain.aggregate.PackingSessionTest" time="0.001"/>
  <testcase name="shouldInitializeScanning" classname="com.paklog.wes.pack.domain.aggregate.PackingSessionTest" time="0.0"/>
</testsuite>